2019-09-24 09:36:09,595 [Worker-4: Loading available Gradle versions] INFO  o.e.b.c.i.u.g.PublishedGradleVersions - Gradle version information cache is up-to-date. Trying to read.
2019-09-24 09:36:23,250 [Worker-10: Importing MyEclipse dependencies to Local Maven Repository] INFO  o.e.m.c.i.e.AbstractTransferListenerAdapter - Downloading https://repo.maven.apache.org/maven2/org/codehaus/plexus/plexus-utils/3.0.5/plexus-utils-3.0.5.pom
2019-09-24 09:36:23,557 [Worker-10: Importing MyEclipse dependencies to Local Maven Repository] INFO  o.e.m.c.i.e.AbstractTransferListenerAdapter - Downloaded https://repo.maven.apache.org/maven2/org/codehaus/plexus/plexus-utils/3.0.5/plexus-utils-3.0.5.pom
2019-09-24 09:36:23,737 [Worker-10: Importing MyEclipse dependencies to Local Maven Repository] INFO  o.e.m.c.i.e.AbstractTransferListenerAdapter - Downloading https://repo.maven.apache.org/maven2/org/codehaus/plexus/plexus/3.1/plexus-3.1.pom
2019-09-24 09:36:24,095 [Worker-10: Importing MyEclipse dependencies to Local Maven Repository] INFO  o.e.m.c.i.e.AbstractTransferListenerAdapter - Downloaded https://repo.maven.apache.org/maven2/org/codehaus/plexus/plexus/3.1/plexus-3.1.pom
2019-09-24 09:36:24,287 [Worker-10: Importing MyEclipse dependencies to Local Maven Repository] INFO  o.e.m.c.i.e.AbstractTransferListenerAdapter - Downloading https://repo.maven.apache.org/maven2/org/sonatype/spice/spice-parent/17/spice-parent-17.pom
2019-09-24 09:36:24,479 [Worker-10: Importing MyEclipse dependencies to Local Maven Repository] INFO  o.e.m.c.i.e.AbstractTransferListenerAdapter - Downloaded https://repo.maven.apache.org/maven2/org/sonatype/spice/spice-parent/17/spice-parent-17.pom
2019-09-24 09:36:24,713 [Worker-10: Importing MyEclipse dependencies to Local Maven Repository] INFO  o.e.m.c.i.e.AbstractTransferListenerAdapter - Downloading https://repo.maven.apache.org/maven2/org/sonatype/forge/forge-parent/10/forge-parent-10.pom
2019-09-24 09:36:24,946 [Worker-10: Importing MyEclipse dependencies to Local Maven Repository] INFO  o.e.m.c.i.e.AbstractTransferListenerAdapter - Downloaded https://repo.maven.apache.org/maven2/org/sonatype/forge/forge-parent/10/forge-parent-10.pom
2019-09-24 09:36:25,136 [Worker-10: Importing MyEclipse dependencies to Local Maven Repository] INFO  o.e.m.c.i.e.AbstractTransferListenerAdapter - Downloading https://repo.maven.apache.org/maven2/org/codehaus/plexus/plexus-digest/1.0/plexus-digest-1.0.pom
2019-09-24 09:36:25,322 [Worker-10: Importing MyEclipse dependencies to Local Maven Repository] INFO  o.e.m.c.i.e.AbstractTransferListenerAdapter - Downloaded https://repo.maven.apache.org/maven2/org/codehaus/plexus/plexus-digest/1.0/plexus-digest-1.0.pom
2019-09-24 09:36:25,520 [Worker-10: Importing MyEclipse dependencies to Local Maven Repository] INFO  o.e.m.c.i.e.AbstractTransferListenerAdapter - Downloading https://repo.maven.apache.org/maven2/org/codehaus/plexus/plexus-components/1.1.7/plexus-components-1.1.7.pom
2019-09-24 09:36:25,700 [Worker-10: Importing MyEclipse dependencies to Local Maven Repository] INFO  o.e.m.c.i.e.AbstractTransferListenerAdapter - Downloaded https://repo.maven.apache.org/maven2/org/codehaus/plexus/plexus-components/1.1.7/plexus-components-1.1.7.pom
2019-09-24 09:36:25,880 [Worker-10: Importing MyEclipse dependencies to Local Maven Repository] INFO  o.e.m.c.i.e.AbstractTransferListenerAdapter - Downloading https://repo.maven.apache.org/maven2/org/codehaus/plexus/plexus/1.0.8/plexus-1.0.8.pom
2019-09-24 09:36:26,081 [Worker-10: Importing MyEclipse dependencies to Local Maven Repository] INFO  o.e.m.c.i.e.AbstractTransferListenerAdapter - Downloaded https://repo.maven.apache.org/maven2/org/codehaus/plexus/plexus/1.0.8/plexus-1.0.8.pom
2019-09-24 09:36:26,266 [Worker-10: Importing MyEclipse dependencies to Local Maven Repository] INFO  o.e.m.c.i.e.AbstractTransferListenerAdapter - Downloading https://repo.maven.apache.org/maven2/org/codehaus/plexus/plexus-container-default/1.0-alpha-8/plexus-container-default-1.0-alpha-8.pom
2019-09-24 09:36:26,490 [Worker-10: Importing MyEclipse dependencies to Local Maven Repository] INFO  o.e.m.c.i.e.AbstractTransferListenerAdapter - Downloaded https://repo.maven.apache.org/maven2/org/codehaus/plexus/plexus-container-default/1.0-alpha-8/plexus-container-default-1.0-alpha-8.pom
2019-09-24 09:36:26,805 [Worker-10: Importing MyEclipse dependencies to Local Maven Repository] INFO  o.e.m.c.i.e.AbstractTransferListenerAdapter - Downloading https://repo.maven.apache.org/maven2/org/apache/maven/maven-plugin-api/2.0.6/maven-plugin-api-2.0.6.jar
2019-09-24 09:36:27,030 [Worker-10: Importing MyEclipse dependencies to Local Maven Repository] INFO  o.e.m.c.i.e.AbstractTransferListenerAdapter - Downloaded https://repo.maven.apache.org/maven2/org/apache/maven/maven-plugin-api/2.0.6/maven-plugin-api-2.0.6.jar
2019-09-24 09:36:27,410 [Worker-10: Importing MyEclipse dependencies to Local Maven Repository] INFO  o.e.m.c.i.e.AbstractTransferListenerAdapter - Downloading https://repo.maven.apache.org/maven2/org/apache/maven/maven-project/2.0.6/maven-project-2.0.6.jar
2019-09-24 09:36:32,205 [Worker-10: Importing MyEclipse dependencies to Local Maven Repository] INFO  o.e.m.c.i.e.AbstractTransferListenerAdapter - Downloaded https://repo.maven.apache.org/maven2/org/apache/maven/maven-project/2.0.6/maven-project-2.0.6.jar
2019-09-24 09:36:32,416 [Worker-10: Importing MyEclipse dependencies to Local Maven Repository] INFO  o.e.m.c.i.e.AbstractTransferListenerAdapter - Downloading https://repo.maven.apache.org/maven2/org/apache/maven/maven-settings/2.0.6/maven-settings-2.0.6.jar
2019-09-24 09:36:34,509 [Worker-10: Importing MyEclipse dependencies to Local Maven Repository] INFO  o.e.m.c.i.e.AbstractTransferListenerAdapter - Downloaded https://repo.maven.apache.org/maven2/org/apache/maven/maven-settings/2.0.6/maven-settings-2.0.6.jar
2019-09-24 09:36:35,105 [Worker-10: Importing MyEclipse dependencies to Local Maven Repository] INFO  o.e.m.c.i.e.AbstractTransferListenerAdapter - Downloading https://repo.maven.apache.org/maven2/org/apache/maven/maven-profile/2.0.6/maven-profile-2.0.6.jar
2019-09-24 09:36:36,423 [Worker-10: Importing MyEclipse dependencies to Local Maven Repository] INFO  o.e.m.c.i.e.AbstractTransferListenerAdapter - Downloaded https://repo.maven.apache.org/maven2/org/apache/maven/maven-profile/2.0.6/maven-profile-2.0.6.jar
2019-09-24 09:36:36,600 [Worker-10: Importing MyEclipse dependencies to Local Maven Repository] INFO  o.e.m.c.i.e.AbstractTransferListenerAdapter - Downloading https://repo.maven.apache.org/maven2/org/apache/maven/maven-plugin-registry/2.0.6/maven-plugin-registry-2.0.6.jar
2019-09-24 09:36:37,496 [Worker-10: Importing MyEclipse dependencies to Local Maven Repository] INFO  o.e.m.c.i.e.AbstractTransferListenerAdapter - Downloaded https://repo.maven.apache.org/maven2/org/apache/maven/maven-plugin-registry/2.0.6/maven-plugin-registry-2.0.6.jar
2019-09-24 09:36:37,761 [Worker-10: Importing MyEclipse dependencies to Local Maven Repository] INFO  o.e.m.c.i.e.AbstractTransferListenerAdapter - Downloading https://repo.maven.apache.org/maven2/org/codehaus/plexus/plexus-container-default/1.0-alpha-9-stable-1/plexus-container-default-1.0-alpha-9-stable-1.jar
2019-09-24 09:36:44,222 [Worker-10: Importing MyEclipse dependencies to Local Maven Repository] INFO  o.e.m.c.i.e.AbstractTransferListenerAdapter - Downloaded https://repo.maven.apache.org/maven2/org/codehaus/plexus/plexus-container-default/1.0-alpha-9-stable-1/plexus-container-default-1.0-alpha-9-stable-1.jar
2019-09-24 09:36:44,545 [Worker-10: Importing MyEclipse dependencies to Local Maven Repository] INFO  o.e.m.c.i.e.AbstractTransferListenerAdapter - Downloading https://repo.maven.apache.org/maven2/junit/junit/3.8.1/junit-3.8.1.jar
2019-09-24 09:36:49,935 [Worker-10: Importing MyEclipse dependencies to Local Maven Repository] INFO  o.e.m.c.i.e.AbstractTransferListenerAdapter - Downloaded https://repo.maven.apache.org/maven2/junit/junit/3.8.1/junit-3.8.1.jar
2019-09-24 09:36:50,422 [Worker-10: Importing MyEclipse dependencies to Local Maven Repository] INFO  o.e.m.c.i.e.AbstractTransferListenerAdapter - Downloading https://repo.maven.apache.org/maven2/classworlds/classworlds/1.1-alpha-2/classworlds-1.1-alpha-2.jar
2019-09-24 09:36:54,530 [Worker-10: Importing MyEclipse dependencies to Local Maven Repository] INFO  o.e.m.c.i.e.AbstractTransferListenerAdapter - Downloaded https://repo.maven.apache.org/maven2/classworlds/classworlds/1.1-alpha-2/classworlds-1.1-alpha-2.jar
2019-09-24 09:36:54,835 [Worker-10: Importing MyEclipse dependencies to Local Maven Repository] INFO  o.e.m.c.i.e.AbstractTransferListenerAdapter - Downloading https://repo.maven.apache.org/maven2/org/apache/maven/maven-model/2.0.6/maven-model-2.0.6.jar
2019-09-24 09:36:58,080 [Worker-10: Importing MyEclipse dependencies to Local Maven Repository] INFO  o.e.m.c.i.e.AbstractTransferListenerAdapter - Downloaded https://repo.maven.apache.org/maven2/org/apache/maven/maven-model/2.0.6/maven-model-2.0.6.jar
2019-09-24 09:36:58,665 [Worker-10: Importing MyEclipse dependencies to Local Maven Repository] INFO  o.e.m.c.i.e.AbstractTransferListenerAdapter - Downloading https://repo.maven.apache.org/maven2/org/apache/maven/maven-artifact-manager/2.0.6/maven-artifact-manager-2.0.6.jar
2019-09-24 09:37:00,995 [Worker-10: Importing MyEclipse dependencies to Local Maven Repository] INFO  o.e.m.c.i.e.AbstractTransferListenerAdapter - Downloaded https://repo.maven.apache.org/maven2/org/apache/maven/maven-artifact-manager/2.0.6/maven-artifact-manager-2.0.6.jar
2019-09-24 09:37:01,175 [Worker-10: Importing MyEclipse dependencies to Local Maven Repository] INFO  o.e.m.c.i.e.AbstractTransferListenerAdapter - Downloading https://repo.maven.apache.org/maven2/org/apache/maven/maven-repository-metadata/2.0.6/maven-repository-metadata-2.0.6.jar
2019-09-24 09:37:01,935 [Worker-10: Importing MyEclipse dependencies to Local Maven Repository] INFO  o.e.m.c.i.e.AbstractTransferListenerAdapter - Downloaded https://repo.maven.apache.org/maven2/org/apache/maven/maven-repository-metadata/2.0.6/maven-repository-metadata-2.0.6.jar
2019-09-24 09:37:02,095 [Worker-10: Importing MyEclipse dependencies to Local Maven Repository] INFO  o.e.m.c.i.e.AbstractTransferListenerAdapter - Downloading https://repo.maven.apache.org/maven2/org/apache/maven/maven-artifact/2.0.6/maven-artifact-2.0.6.jar
2019-09-24 09:37:03,065 [Worker-10: Importing MyEclipse dependencies to Local Maven Repository] INFO  o.e.m.c.i.e.AbstractTransferListenerAdapter - Downloaded https://repo.maven.apache.org/maven2/org/apache/maven/maven-artifact/2.0.6/maven-artifact-2.0.6.jar
2019-09-24 09:37:03,365 [Worker-10: Importing MyEclipse dependencies to Local Maven Repository] INFO  o.e.m.c.i.e.AbstractTransferListenerAdapter - Downloading https://repo.maven.apache.org/maven2/org/codehaus/plexus/plexus-utils/3.0.5/plexus-utils-3.0.5.jar
2019-09-24 09:37:05,314 [Worker-10: Importing MyEclipse dependencies to Local Maven Repository] INFO  o.e.m.c.i.e.AbstractTransferListenerAdapter - Downloaded https://repo.maven.apache.org/maven2/org/codehaus/plexus/plexus-utils/3.0.5/plexus-utils-3.0.5.jar
2019-09-24 09:37:05,505 [Worker-10: Importing MyEclipse dependencies to Local Maven Repository] INFO  o.e.m.c.i.e.AbstractTransferListenerAdapter - Downloading https://repo.maven.apache.org/maven2/org/codehaus/plexus/plexus-digest/1.0/plexus-digest-1.0.jar
2019-09-24 09:37:05,765 [Worker-10: Importing MyEclipse dependencies to Local Maven Repository] INFO  o.e.m.c.i.e.AbstractTransferListenerAdapter - Downloaded https://repo.maven.apache.org/maven2/org/codehaus/plexus/plexus-digest/1.0/plexus-digest-1.0.jar
2019-09-24 09:37:08,840 [Worker-10: Importing MyEclipse dependencies to Local Maven Repository] INFO  o.e.m.c.i.embedder.EclipseLogger - Installing D:\Software\Java\MyEclipse CI\plugins\com.genuitec.eclipse.icefaces_13.0.0.me201805280638\data\1.8.0\ICEfaces\icefaces.jar to C:\Users\liuji\.m2\repository\org\icefaces\icefaces\1.8.0\icefaces-1.8.0.jar
2019-09-24 09:37:09,205 [Worker-10: Importing MyEclipse dependencies to Local Maven Repository] INFO  o.e.m.c.i.embedder.EclipseLogger - Installing C:\Users\liuji\AppData\Local\Temp\mvninstall10795593198081901403.pom to C:\Users\liuji\.m2\repository\org\icefaces\icefaces\1.8.0\icefaces-1.8.0.pom
2019-09-24 09:37:09,937 [Worker-10: Importing MyEclipse dependencies to Local Maven Repository] INFO  o.e.m.c.i.e.AbstractTransferListenerAdapter - Downloaded https://repo.maven.apache.org/maven2/org/icefaces/icefaces/1.7.2/icefaces-1.7.2.jar
2019-09-24 09:37:09,967 [Worker-10: Importing MyEclipse dependencies to Local Maven Repository] INFO  o.e.m.c.i.embedder.EclipseLogger - Installing D:\Software\Java\MyEclipse CI\plugins\com.genuitec.eclipse.icefaces_13.0.0.me201805280638\data\1.7.2\ICEfaces\icefaces.jar to C:\Users\liuji\.m2\repository\org\icefaces\icefaces\1.7.2\icefaces-1.7.2.jar
2019-09-24 09:37:10,155 [Worker-10: Importing MyEclipse dependencies to Local Maven Repository] INFO  o.e.m.c.i.embedder.EclipseLogger - Installing C:\Users\liuji\AppData\Local\Temp\mvninstall15757279211091196843.pom to C:\Users\liuji\.m2\repository\org\icefaces\icefaces\1.7.2\icefaces-1.7.2.pom
2019-09-24 09:37:10,845 [Worker-10: Importing MyEclipse dependencies to Local Maven Repository] INFO  o.e.m.c.i.e.AbstractTransferListenerAdapter - Downloaded https://repo.maven.apache.org/maven2/org/icefaces/icefaces/1.7.1/icefaces-1.7.1.jar
2019-09-24 09:37:10,870 [Worker-10: Importing MyEclipse dependencies to Local Maven Repository] INFO  o.e.m.c.i.embedder.EclipseLogger - Installing D:\Software\Java\MyEclipse CI\plugins\com.genuitec.eclipse.icefaces_13.0.0.me201805280638\data\1.7.1\ICEfaces\icefaces.jar to C:\Users\liuji\.m2\repository\org\icefaces\icefaces\1.7.1\icefaces-1.7.1.jar
2019-09-24 09:37:11,075 [Worker-10: Importing MyEclipse dependencies to Local Maven Repository] INFO  o.e.m.c.i.embedder.EclipseLogger - Installing C:\Users\liuji\AppData\Local\Temp\mvninstall9434322754156889945.pom to C:\Users\liuji\.m2\repository\org\icefaces\icefaces\1.7.1\icefaces-1.7.1.pom
2019-09-24 09:37:11,750 [Worker-10: Importing MyEclipse dependencies to Local Maven Repository] INFO  o.e.m.c.i.e.AbstractTransferListenerAdapter - Downloaded https://repo.maven.apache.org/maven2/org/icefaces/icefaces/1.7.0/icefaces-1.7.0.jar
2019-09-24 09:37:11,780 [Worker-10: Importing MyEclipse dependencies to Local Maven Repository] INFO  o.e.m.c.i.embedder.EclipseLogger - Installing D:\Software\Java\MyEclipse CI\plugins\com.genuitec.eclipse.icefaces_13.0.0.me201805280638\data\1.7.0\ICEfaces\icefaces.jar to C:\Users\liuji\.m2\repository\org\icefaces\icefaces\1.7.0\icefaces-1.7.0.jar
2019-09-24 09:37:11,985 [Worker-10: Importing MyEclipse dependencies to Local Maven Repository] INFO  o.e.m.c.i.embedder.EclipseLogger - Installing C:\Users\liuji\AppData\Local\Temp\mvninstall13258503871814888133.pom to C:\Users\liuji\.m2\repository\org\icefaces\icefaces\1.7.0\icefaces-1.7.0.pom
2019-09-24 09:37:12,675 [Worker-10: Importing MyEclipse dependencies to Local Maven Repository] INFO  o.e.m.c.i.e.AbstractTransferListenerAdapter - Downloaded https://repo.maven.apache.org/maven2/org/icefaces/icefaces/1.6.2/icefaces-1.6.2.jar
2019-09-24 09:37:12,705 [Worker-10: Importing MyEclipse dependencies to Local Maven Repository] INFO  o.e.m.c.i.embedder.EclipseLogger - Installing D:\Software\Java\MyEclipse CI\plugins\com.genuitec.eclipse.icefaces_13.0.0.me201805280638\data\1.6.2\ICEfaces\icefaces.jar to C:\Users\liuji\.m2\repository\org\icefaces\icefaces\1.6.2\icefaces-1.6.2.jar
2019-09-24 09:37:12,925 [Worker-10: Importing MyEclipse dependencies to Local Maven Repository] INFO  o.e.m.c.i.embedder.EclipseLogger - Installing C:\Users\liuji\AppData\Local\Temp\mvninstall9783166520335172190.pom to C:\Users\liuji\.m2\repository\org\icefaces\icefaces\1.6.2\icefaces-1.6.2.pom
2019-09-24 09:37:13,595 [Worker-10: Importing MyEclipse dependencies to Local Maven Repository] INFO  o.e.m.c.i.e.AbstractTransferListenerAdapter - Downloaded https://repo.maven.apache.org/maven2/org/icefaces/icefaces/1.6.1/icefaces-1.6.1.jar
2019-09-24 09:37:13,625 [Worker-10: Importing MyEclipse dependencies to Local Maven Repository] INFO  o.e.m.c.i.embedder.EclipseLogger - Installing D:\Software\Java\MyEclipse CI\plugins\com.genuitec.eclipse.icefaces_13.0.0.me201805280638\data\1.6.1\ICEfaces\icefaces.jar to C:\Users\liuji\.m2\repository\org\icefaces\icefaces\1.6.1\icefaces-1.6.1.jar
2019-09-24 09:37:13,925 [Worker-10: Importing MyEclipse dependencies to Local Maven Repository] INFO  o.e.m.c.i.embedder.EclipseLogger - Installing C:\Users\liuji\AppData\Local\Temp\mvninstall12531235843699348415.pom to C:\Users\liuji\.m2\repository\org\icefaces\icefaces\1.6.1\icefaces-1.6.1.pom
2019-09-24 09:37:14,632 [Worker-10: Importing MyEclipse dependencies to Local Maven Repository] INFO  o.e.m.c.i.e.AbstractTransferListenerAdapter - Downloaded https://repo.maven.apache.org/maven2/org/icepush/icepush/2.0.2/icepush-2.0.2.jar
2019-09-24 09:37:14,655 [Worker-10: Importing MyEclipse dependencies to Local Maven Repository] INFO  o.e.m.c.i.embedder.EclipseLogger - Installing D:\Software\Java\MyEclipse CI\plugins\com.genuitec.eclipse.icefaces_13.0.0.me201805280638\data\org.icepush\icepush\2.0\icepush.jar to C:\Users\liuji\.m2\repository\org\icepush\icepush\2.0.2\icepush-2.0.2.jar
2019-09-24 09:37:14,900 [Worker-10: Importing MyEclipse dependencies to Local Maven Repository] INFO  o.e.m.c.i.embedder.EclipseLogger - Installing C:\Users\liuji\AppData\Local\Temp\mvninstall13632607791024223689.pom to C:\Users\liuji\.m2\repository\org\icepush\icepush\2.0.2\icepush-2.0.2.pom
2019-09-24 09:37:15,658 [Worker-10: Importing MyEclipse dependencies to Local Maven Repository] INFO  o.e.m.c.i.e.AbstractTransferListenerAdapter - Downloaded https://repo.maven.apache.org/maven2/org/icefaces/icefaces-comps/1.8.0/icefaces-comps-1.8.0.jar
2019-09-24 09:37:15,683 [Worker-10: Importing MyEclipse dependencies to Local Maven Repository] INFO  o.e.m.c.i.embedder.EclipseLogger - Installing D:\Software\Java\MyEclipse CI\plugins\com.genuitec.eclipse.icefaces_13.0.0.me201805280638\data\1.8.0\ICEfaces\icefaces-comps.jar to C:\Users\liuji\.m2\repository\org\icefaces\icefaces-comps\1.8.0\icefaces-comps-1.8.0.jar
2019-09-24 09:37:15,978 [Worker-10: Importing MyEclipse dependencies to Local Maven Repository] INFO  o.e.m.c.i.embedder.EclipseLogger - Installing C:\Users\liuji\AppData\Local\Temp\mvninstall3230996431791505431.pom to C:\Users\liuji\.m2\repository\org\icefaces\icefaces-comps\1.8.0\icefaces-comps-1.8.0.pom
2019-09-24 09:37:16,663 [Worker-10: Importing MyEclipse dependencies to Local Maven Repository] INFO  o.e.m.c.i.e.AbstractTransferListenerAdapter - Downloaded https://repo.maven.apache.org/maven2/org/icefaces/icefaces-comps/1.7.2/icefaces-comps-1.7.2.jar
2019-09-24 09:37:16,691 [Worker-10: Importing MyEclipse dependencies to Local Maven Repository] INFO  o.e.m.c.i.embedder.EclipseLogger - Installing D:\Software\Java\MyEclipse CI\plugins\com.genuitec.eclipse.icefaces_13.0.0.me201805280638\data\1.7.2\ICEfaces\icefaces-comps.jar to C:\Users\liuji\.m2\repository\org\icefaces\icefaces-comps\1.7.2\icefaces-comps-1.7.2.jar
2019-09-24 09:37:16,964 [Worker-10: Importing MyEclipse dependencies to Local Maven Repository] INFO  o.e.m.c.i.embedder.EclipseLogger - Installing C:\Users\liuji\AppData\Local\Temp\mvninstall16404437287570612343.pom to C:\Users\liuji\.m2\repository\org\icefaces\icefaces-comps\1.7.2\icefaces-comps-1.7.2.pom
2019-09-24 09:37:17,676 [Worker-10: Importing MyEclipse dependencies to Local Maven Repository] INFO  o.e.m.c.i.e.AbstractTransferListenerAdapter - Downloaded https://repo.maven.apache.org/maven2/org/icefaces/icefaces-comps/1.7.1/icefaces-comps-1.7.1.jar
2019-09-24 09:37:17,701 [Worker-10: Importing MyEclipse dependencies to Local Maven Repository] INFO  o.e.m.c.i.embedder.EclipseLogger - Installing D:\Software\Java\MyEclipse CI\plugins\com.genuitec.eclipse.icefaces_13.0.0.me201805280638\data\1.7.1\ICEfaces\icefaces-comps.jar to C:\Users\liuji\.m2\repository\org\icefaces\icefaces-comps\1.7.1\icefaces-comps-1.7.1.jar
2019-09-24 09:37:18,050 [Worker-10: Importing MyEclipse dependencies to Local Maven Repository] INFO  o.e.m.c.i.embedder.EclipseLogger - Installing C:\Users\liuji\AppData\Local\Temp\mvninstall14113181583712987008.pom to C:\Users\liuji\.m2\repository\org\icefaces\icefaces-comps\1.7.1\icefaces-comps-1.7.1.pom
2019-09-24 09:37:18,750 [Worker-10: Importing MyEclipse dependencies to Local Maven Repository] INFO  o.e.m.c.i.e.AbstractTransferListenerAdapter - Downloaded https://repo.maven.apache.org/maven2/org/icefaces/icefaces-comps/1.7.0/icefaces-comps-1.7.0.jar
2019-09-24 09:37:18,785 [Worker-10: Importing MyEclipse dependencies to Local Maven Repository] INFO  o.e.m.c.i.embedder.EclipseLogger - Installing D:\Software\Java\MyEclipse CI\plugins\com.genuitec.eclipse.icefaces_13.0.0.me201805280638\data\1.7.0\ICEfaces\icefaces-comps.jar to C:\Users\liuji\.m2\repository\org\icefaces\icefaces-comps\1.7.0\icefaces-comps-1.7.0.jar
2019-09-24 09:37:19,085 [Worker-10: Importing MyEclipse dependencies to Local Maven Repository] INFO  o.e.m.c.i.embedder.EclipseLogger - Installing C:\Users\liuji\AppData\Local\Temp\mvninstall12566319999262102913.pom to C:\Users\liuji\.m2\repository\org\icefaces\icefaces-comps\1.7.0\icefaces-comps-1.7.0.pom
2019-09-24 09:37:19,806 [Worker-10: Importing MyEclipse dependencies to Local Maven Repository] INFO  o.e.m.c.i.e.AbstractTransferListenerAdapter - Downloaded https://repo.maven.apache.org/maven2/org/icefaces/icefaces-comps/1.6.2/icefaces-comps-1.6.2.jar
2019-09-24 09:38:09,566 [Worker-6: Loading available Gradle versions] INFO  o.e.b.c.i.u.g.PublishedGradleVersions - Gradle version information cache is out-of-date. Trying to update.
2019-09-25 08:35:17,684 [Worker-8: Loading available Gradle versions] INFO  o.e.b.c.i.u.g.PublishedGradleVersions - Gradle version information cache is up-to-date. Trying to read.
2019-09-26 10:55:10,389 [Worker-7: Loading available Gradle versions] INFO  o.e.b.c.i.u.g.PublishedGradleVersions - Gradle version information cache is up-to-date. Trying to read.
2019-09-30 20:25:07,785 [Worker-7: Loading available Gradle versions] INFO  o.e.b.c.i.u.g.PublishedGradleVersions - Gradle version information cache is out-of-date. Trying to update.
2019-09-30 20:25:27,529 [Worker-7: Loading available Gradle versions] INFO  o.e.b.c.i.u.g.PublishedGradleVersions - Updating Gradle version information cache failed. Using outdated cache.
2019-10-05 08:37:53,435 [Worker-8: Loading available Gradle versions] INFO  o.e.b.c.i.u.g.PublishedGradleVersions - Gradle version information cache is out-of-date. Trying to update.
2019-10-05 08:38:09,005 [Worker-8: Loading available Gradle versions] INFO  o.e.b.c.i.u.g.PublishedGradleVersions - Updating Gradle version information cache failed. Using outdated cache.
2019-10-14 09:55:48,250 [Worker-11: Loading available Gradle versions] INFO  o.e.b.c.i.u.g.PublishedGradleVersions - Gradle version information cache is out-of-date. Trying to update.
